<?xml version="1.0" encoding="UTF-8"?>
<!-- Generated by org.testng.reporters.JUnitReportReporter -->
<testsuite hostname="DESKTOP-7QK9UP4" failures="0" tests="3" name="testNGPackage2.DemoTest3" time="0.005" errors="0" timestamp="2023-05-25T10:41:21 IST" skipped="0">
  <testcase classname="testNGPackage2.DemoTest3" name="test3Method3" time="0.002"/>
  <system-out>
    <![CDATA[test3Method3 method from DemoTest3]]>
  </system-out>
  <testcase classname="testNGPackage2.DemoTest3" name="test3Method1" time="0.001"/>
  <system-out>
    <![CDATA[test3Method1 method From DemoTest3]]>
  </system-out>
  <testcase classname="testNGPackage2.DemoTest3" name="test3Method2" time="0.002"/>
  <system-out>
    <![CDATA[test3Method2 method from DemoTest3]]>
  </system-out>
</testsuite> <!-- testNGPackage2.DemoTest3 -->
