<?xml version="1.0" encoding="UTF-8"?>
<!-- Generated by org.testng.reporters.JUnitReportReporter -->
<testsuite hostname="DESKTOP-7QK9UP4" failures="0" tests="3" name="testNGPackage2.DemoTest1" time="0.014" errors="0" timestamp="2023-05-25T10:41:21 IST" skipped="0">
  <testcase classname="testNGPackage2.DemoTest1" name="test1Method3" time="0.002"/>
  <system-out>
    <![CDATA[test1Method3 method from DemoTest1]]>
  </system-out>
  <testcase classname="testNGPackage2.DemoTest1" name="test1Method1" time="0.010"/>
  <system-out>
    <![CDATA[test1Method1 method From DemoTest1]]>
  </system-out>
  <testcase classname="testNGPackage2.DemoTest1" name="test1Method2" time="0.002"/>
  <system-out>
    <![CDATA[ test1Method2 method From DemoTest1]]>
  </system-out>
</testsuite> <!-- testNGPackage2.DemoTest1 -->
