<?xml version="1.0" encoding="UTF-8"?>
<!-- Generated by org.testng.reporters.JUnitReportReporter -->
<testsuite hostname="DESKTOP-7QK9UP4" failures="0" tests="1" name="testNGFlag.Flag1" time="0.010" errors="0" timestamp="2023-05-28T14:55:35 IST" skipped="0">
  <testcase classname="testNGFlag.Flag1" name="loginMethod" time="0.010"/>
  <system-out>
    <![CDATA[you are done with login]]>
  </system-out>
</testsuite> <!-- testNGFlag.Flag1 -->
