<?xml version="1.0" encoding="UTF-8"?>
<!-- Generated by org.testng.reporters.JUnitReportReporter -->
<testsuite hostname="DESKTOP-7QK9UP4" failures="0" tests="2" name="testAnnotations.Annotations" time="0.009" errors="0" timestamp="2023-05-28T14:41:41 IST" skipped="0">
  <testcase classname="testAnnotations.Annotations" name="testMethod" time="0.003"/>
  <system-out>
    <![CDATA[Test Annotation2]]>
  </system-out>
  <testcase classname="testAnnotations.Annotations" name="f" time="0.006"/>
  <system-out>
    <![CDATA[Test Annotation]]>
  </system-out>
</testsuite> <!-- testAnnotations.Annotations -->
