<?xml version="1.0" encoding="UTF-8"?>
<!-- Generated by org.testng.reporters.JUnitReportReporter -->
<testsuite hostname="DESKTOP-7QK9UP4" failures="0" tests="1" name="testNGPackage.Demo2" time="0.002" errors="0" timestamp="2023-05-22T19:32:07 IST" skipped="0">
  <testcase classname="testNGPackage.Demo2" name="Demo2Method" time="0.002"/>
  <system-out>
    <![CDATA[It's method of demo2 class]]>
  </system-out>
</testsuite> <!-- testNGPackage.Demo2 -->
