<?xml version="1.0" encoding="UTF-8"?>
<!-- Generated by org.testng.reporters.JUnitReportReporter -->
<testsuite hostname="DESKTOP-7QK9UP4" failures="0" tests="1" name="testNGPackage2.TestCaseA3" time="57.591" errors="0" timestamp="2023-05-22T23:16:14 IST" skipped="0">
  <testcase classname="testNGPackage2.TestCaseA3" name="testCase3Method" time="57.591"/>
  <system-out/>
</testsuite> <!-- testNGPackage2.TestCaseA3 -->
