<?xml version="1.0" encoding="UTF-8"?>
<!-- Generated by org.testng.reporters.JUnitReportReporter -->
<testsuite hostname="DESKTOP-7QK9UP4" failures="0" tests="10" name="testNGFlag.Flag3" time="0.026" errors="0" timestamp="2023-05-28T15:08:21 IST" skipped="0">
  <testcase classname="testNGFlag.Flag3" name="method" time="0.001"/>
  <system-out>
    <![CDATA[method of Flag3 class]]>
  </system-out>
  <testcase classname="testNGFlag.Flag3" name="method" time="0.001"/>
  <system-out>
    <![CDATA[method of Flag3 class]]>
  </system-out>
  <testcase classname="testNGFlag.Flag3" name="method" time="0.002"/>
  <system-out>
    <![CDATA[method of Flag3 class]]>
  </system-out>
  <testcase classname="testNGFlag.Flag3" name="method" time="0.002"/>
  <system-out>
    <![CDATA[method of Flag3 class]]>
  </system-out>
  <testcase classname="testNGFlag.Flag3" name="method" time="0.002"/>
  <system-out>
    <![CDATA[method of Flag3 class]]>
  </system-out>
  <testcase classname="testNGFlag.Flag3" name="method" time="0.001"/>
  <system-out>
    <![CDATA[method of Flag3 class]]>
  </system-out>
  <testcase classname="testNGFlag.Flag3" name="method" time="0.001"/>
  <system-out>
    <![CDATA[method of Flag3 class]]>
  </system-out>
  <testcase classname="testNGFlag.Flag3" name="method" time="0.002"/>
  <system-out>
    <![CDATA[method of Flag3 class]]>
  </system-out>
  <testcase classname="testNGFlag.Flag3" name="method" time="0.012"/>
  <system-out>
    <![CDATA[method of Flag3 class]]>
  </system-out>
  <testcase classname="testNGFlag.Flag3" name="method" time="0.002"/>
  <system-out>
    <![CDATA[method of Flag3 class]]>
  </system-out>
</testsuite> <!-- testNGFlag.Flag3 -->
