<?xml version="1.0" encoding="UTF-8"?>
<!-- Generated by org.testng.reporters.JUnitReportReporter -->
<testsuite hostname="DESKTOP-7QK9UP4" failures="0" tests="18" name="testNGExecution.Flag7" time="0.028" errors="0" timestamp="2023-05-28T19:04:07 IST" skipped="0">
  <testcase classname="testNGExecution.Flag7" name="methodFT3" time="0.000"/>
  <system-out>
    <![CDATA[Functional Test 3 ]]>
  </system-out>
  <testcase classname="testNGExecution.Flag7" name="methodIT4" time="0.001"/>
  <system-out>
    <![CDATA[Integration Test 4 ]]>
  </system-out>
  <testcase classname="testNGExecution.Flag7" name="methodIT6" time="0.001"/>
  <system-out>
    <![CDATA[Integration Test 6 ]]>
  </system-out>
  <testcase classname="testNGExecution.Flag7" name="methodIT2" time="0.002"/>
  <system-out>
    <![CDATA[Integration Test 2 ]]>
  </system-out>
  <testcase classname="testNGExecution.Flag7" name="methodIT5" time="0.002"/>
  <system-out>
    <![CDATA[Integration Test 5 ]]>
  </system-out>
  <testcase classname="testNGExecution.Flag7" name="methodST3" time="0.001"/>
  <system-out>
    <![CDATA[Somke Test 3 ]]>
  </system-out>
  <testcase classname="testNGExecution.Flag7" name="methodFT2" time="0.002"/>
  <system-out>
    <![CDATA[Functional Test 2]]>
  </system-out>
  <testcase classname="testNGExecution.Flag7" name="methodFT5" time="0.001"/>
  <system-out>
    <![CDATA[Functional Test 5 ]]>
  </system-out>
  <testcase classname="testNGExecution.Flag7" name="methodST2" time="0.001"/>
  <system-out>
    <![CDATA[Somke Test 2 ]]>
  </system-out>
  <testcase classname="testNGExecution.Flag7" name="methodIT3" time="0.001"/>
  <system-out>
    <![CDATA[Integration Test 3 ]]>
  </system-out>
  <testcase classname="testNGExecution.Flag7" name="methodST4" time="0.001"/>
  <system-out>
    <![CDATA[Somke Test 4 ]]>
  </system-out>
  <testcase classname="testNGExecution.Flag7" name="methodIT1" time="0.001"/>
  <system-out>
    <![CDATA[Integration Test 1]]>
  </system-out>
  <testcase classname="testNGExecution.Flag7" name="methodST6" time="0.001"/>
  <system-out>
    <![CDATA[Somke Test 6 ]]>
  </system-out>
  <testcase classname="testNGExecution.Flag7" name="methodST5" time="0.000"/>
  <system-out>
    <![CDATA[Somke Test 5 ]]>
  </system-out>
  <testcase classname="testNGExecution.Flag7" name="methodFT1" time="0.010"/>
  <system-out>
    <![CDATA[Functional Test 1]]>
  </system-out>
  <testcase classname="testNGExecution.Flag7" name="methodFT6" time="0.001"/>
  <system-out>
    <![CDATA[Functional Test 6 ]]>
  </system-out>
  <testcase classname="testNGExecution.Flag7" name="methodST1" time="0.001"/>
  <system-out>
    <![CDATA[Somke Test 1 ]]>
  </system-out>
  <testcase classname="testNGExecution.Flag7" name="methodFT4" time="0.001"/>
  <system-out>
    <![CDATA[Functional Test 4 ]]>
  </system-out>
</testsuite> <!-- testNGExecution.Flag7 -->
