<?xml version="1.0" encoding="UTF-8"?>
<!-- Generated by org.testng.reporters.JUnitReportReporter -->
<testsuite hostname="DESKTOP-7QK9UP4" failures="0" tests="1" name="testNGPackage2.TestCaseA2" time="87.300" errors="0" timestamp="2023-05-26T23:03:53 IST" skipped="0">
  <testcase classname="testNGPackage2.TestCaseA2" name="testCase2Method" time="87.300"/>
  <system-out/>
</testsuite> <!-- testNGPackage2.TestCaseA2 -->
