<?xml version="1.0" encoding="UTF-8"?>
<!-- Generated by org.testng.reporters.JUnitReportReporter -->
<testsuite hostname="DESKTOP-7QK9UP4" failures="0" tests="2" name="testNGExecution.SelectBrowser" time="73.958" errors="0" timestamp="2023-07-18T23:31:55 IST" skipped="0">
  <testcase classname="testNGExecution.SelectBrowser" name="method1" time="26.848"/>
  <system-out/>
  <testcase classname="testNGExecution.SelectBrowser" name="method1" time="47.110"/>
  <system-out/>
</testsuite> <!-- testNGExecution.SelectBrowser -->
