<?xml version="1.0" encoding="UTF-8"?>
<!-- Generated by org.testng.reporters.JUnitReportReporter -->
<testsuite hostname="DESKTOP-7QK9UP4" failures="0" tests="1" name="testNGPackage.Demo1" time="0.001" errors="0" timestamp="2023-05-22T19:32:07 IST" skipped="0">
  <testcase classname="testNGPackage.Demo1" name="demo1Method" time="0.001"/>
  <system-out>
    <![CDATA[It's method of demo1 class]]>
  </system-out>
</testsuite> <!-- testNGPackage.Demo1 -->
