<?xml version="1.0" encoding="UTF-8"?>
<!-- Generated by org.testng.reporters.JUnitReportReporter -->
<testsuite hostname="DESKTOP-7QK9UP4" failures="0" tests="1" name="testNGPackage2.TestCaseA2" time="64.879" errors="0" timestamp="2023-05-22T23:16:14 IST" skipped="0">
  <testcase classname="testNGPackage2.TestCaseA2" name="testCase2Method" time="64.879"/>
  <system-out/>
</testsuite> <!-- testNGPackage2.TestCaseA2 -->
