<?xml version="1.0" encoding="UTF-8"?>
<!-- Generated by org.testng.reporters.JUnitReportReporter -->
<testsuite hostname="DESKTOP-7QK9UP4" failures="0" tests="3" name="testAnnotations.GoogleSearchTestCase" time="137.995" errors="0" timestamp="2023-05-25T11:08:56 IST" skipped="0">
  <testcase classname="testAnnotations.GoogleSearchTestCase" name="serach3" time="36.344"/>
  <system-out/>
  <testcase classname="testAnnotations.GoogleSearchTestCase" name="search1" time="36.233"/>
  <system-out/>
  <testcase classname="testAnnotations.GoogleSearchTestCase" name="search2" time="65.418"/>
  <system-out/>
</testsuite> <!-- testAnnotations.GoogleSearchTestCase -->
