<?xml version="1.0" encoding="UTF-8"?>
<!-- Generated by org.testng.reporters.JUnitReportReporter -->
<testsuite hostname="DESKTOP-7QK9UP4" failures="0" tests="2" name="testNGFlag.Flag2" time="0.013" errors="0" timestamp="2023-05-28T15:05:06 IST" skipped="0">
  <testcase classname="testNGFlag.Flag2" name="methodA" time="0.011"/>
  <system-out>
    <![CDATA[methodA of class Flag2]]>
  </system-out>
  <testcase classname="testNGFlag.Flag2" name="methpodZ" time="0.002"/>
  <system-out>
    <![CDATA[methodZ of class Flag2]]>
  </system-out>
</testsuite> <!-- testNGFlag.Flag2 -->
