<?xml version="1.0" encoding="UTF-8"?>
<!-- Generated by org.testng.reporters.JUnitReportReporter -->
<testsuite hostname="DESKTOP-7QK9UP4" failures="0" tests="3" name="testNGFlag.Flag4" time="0.013" errors="0" timestamp="2023-05-28T17:24:18 IST" skipped="0">
  <testcase classname="testNGFlag.Flag4" name="methodZ" time="0.011"/>
  <system-out>
    <![CDATA[methodZ of class Flag4]]>
  </system-out>
  <testcase classname="testNGFlag.Flag4" name="methodA" time="0.001"/>
  <system-out>
    <![CDATA[methodA of class Flag4 ]]>
  </system-out>
  <testcase classname="testNGFlag.Flag4" name="methodS" time="0.001"/>
  <system-out>
    <![CDATA[methodS of class Flag4]]>
  </system-out>
</testsuite> <!-- testNGFlag.Flag4 -->
