<?xml version="1.0" encoding="UTF-8"?>
<!-- Generated by org.testng.reporters.JUnitReportReporter -->
<testsuite hostname="DESKTOP-7QK9UP4" failures="0" tests="2" name="testNGPackage2.MethodExecution" time="0.011" errors="0" timestamp="2023-05-26T23:15:05 IST" skipped="0">
  <testcase classname="testNGPackage2.MethodExecution" name="method1" time="0.010"/>
  <system-out>
    <![CDATA[1 : is the thread id of Method
method 1]]>
  </system-out>
  <testcase classname="testNGPackage2.MethodExecution" name="method2" time="0.001"/>
  <system-out>
    <![CDATA[1 : is the thread id of Method
method 2]]>
  </system-out>
</testsuite> <!-- testNGPackage2.MethodExecution -->
