<?xml version="1.0" encoding="UTF-8"?>
<!-- Generated by org.testng.reporters.JUnitReportReporter -->
<testsuite hostname="DESKTOP-7QK9UP4" failures="0" tests="12" name="testNGFlag.Flag7" time="0.020" errors="0" timestamp="2023-05-28T19:44:08 IST" skipped="0">
  <testcase classname="testNGFlag.Flag7" name="methodFT1" time="0.008"/>
  <system-out>
    <![CDATA[Functional Test 1]]>
  </system-out>
  <testcase classname="testNGFlag.Flag7" name="methodFT3" time="0.001"/>
  <system-out>
    <![CDATA[Functional Test 3 ]]>
  </system-out>
  <testcase classname="testNGFlag.Flag7" name="methodST1" time="0.001"/>
  <system-out>
    <![CDATA[Somke Test 1 ]]>
  </system-out>
  <testcase classname="testNGFlag.Flag7" name="methodST3" time="0.001"/>
  <system-out>
    <![CDATA[Somke Test 3 ]]>
  </system-out>
  <testcase classname="testNGFlag.Flag7" name="methodST4" time="0.001"/>
  <system-out>
    <![CDATA[Somke Test 4 ]]>
  </system-out>
  <testcase classname="testNGFlag.Flag7" name="methodST5" time="0.001"/>
  <system-out>
    <![CDATA[Somke Test 5 ]]>
  </system-out>
  <testcase classname="testNGFlag.Flag7" name="methodFT6" time="0.001"/>
  <system-out>
    <![CDATA[Functional Test 6 ]]>
  </system-out>
  <testcase classname="testNGFlag.Flag7" name="methodFT2" time="0.002"/>
  <system-out>
    <![CDATA[Functional Test 2]]>
  </system-out>
  <testcase classname="testNGFlag.Flag7" name="methodST6" time="0.001"/>
  <system-out>
    <![CDATA[Somke Test 6 ]]>
  </system-out>
  <testcase classname="testNGFlag.Flag7" name="methodST2" time="0.000"/>
  <system-out>
    <![CDATA[Somke Test 2 ]]>
  </system-out>
  <testcase classname="testNGFlag.Flag7" name="methodFT4" time="0.002"/>
  <system-out>
    <![CDATA[Functional Test 4 ]]>
  </system-out>
  <testcase classname="testNGFlag.Flag7" name="methodFT5" time="0.001"/>
  <system-out>
    <![CDATA[Functional Test 5 ]]>
  </system-out>
</testsuite> <!-- testNGFlag.Flag7 -->
