<?xml version="1.0" encoding="UTF-8"?>
<!-- Generated by org.testng.reporters.JUnitReportReporter -->
<testsuite hostname="DESKTOP-7QK9UP4" failures="0" tests="3" name="testNGFlag.Flag5" time="0.012" errors="0" timestamp="2023-05-28T18:11:08 IST" skipped="0">
  <testcase classname="testNGFlag.Flag5" name="loginMethod" time="0.010"/>
  <system-out>
    <![CDATA[login Performed!!]]>
  </system-out>
  <testcase classname="testNGFlag.Flag5" name="createUser" time="0.001"/>
  <system-out>
    <![CDATA[user Created!!]]>
  </system-out>
  <testcase classname="testNGFlag.Flag5" name="logoutMethod" time="0.001"/>
  <system-out>
    <![CDATA[logout Performed!!]]>
  </system-out>
</testsuite> <!-- testNGFlag.Flag5 -->
